<?xml version="1.0" encoding="UTF-8"?>
<!-- Generated by org.testng.reporters.JUnitReportReporter -->
<testsuite hostname="Sarabdeeps-MBP" failures="0" tests="1" name="Tests.AddBestSellerBookToCart" time="16.135" errors="0" timestamp="2023-10-28T14:40:11 CEST" skipped="0">
  <testcase classname="Tests.AddBestSellerBookToCart" name="test2" time="16.135"/>
</testsuite> <!-- Tests.AddBestSellerBookToCart -->
