<?xml version="1.0" encoding="UTF-8"?>
<!-- Generated by org.testng.reporters.JUnitReportReporter -->
<testsuite hostname="Sarabdeeps-MBP" failures="0" tests="2" name="Tests.VerifyBookRank" time="7.870" errors="0" timestamp="2023-10-28T14:40:11 CEST" skipped="0">
  <testcase classname="Tests.VerifyBookRank" name="test2" time="2.467"/>
  <testcase classname="Tests.VerifyBookRank" name="test1" time="5.403"/>
</testsuite> <!-- Tests.VerifyBookRank -->
