<?xml version="1.0" encoding="UTF-8"?>
<!-- Generated by org.testng.reporters.JUnitReportReporter -->
<testsuite hostname="Sarabdeeps-MBP" failures="0" tests="1" name="Tests.AddTVToCart" time="8.715" errors="0" timestamp="2023-10-28T20:23:35 CEST" skipped="0">
  <testcase classname="Tests.AddTVToCart" name="findTv" time="8.715"/>
</testsuite> <!-- Tests.AddTVToCart -->
