<?xml version="1.0" encoding="UTF-8"?>
<!-- Generated by org.testng.reporters.JUnitReportReporter -->
<testsuite hostname="Sarabdeeps-MBP" failures="0" tests="2" name="Tests.VerifyBookRank" time="14.644" errors="0" timestamp="2023-10-28T19:40:42 CEST" skipped="0">
  <testcase classname="Tests.VerifyBookRank" name="test1" time="8.927"/>
  <testcase classname="Tests.VerifyBookRank" name="test2" time="5.717"/>
</testsuite> <!-- Tests.VerifyBookRank -->
