<?xml version="1.0" encoding="UTF-8"?>
<!-- Generated by org.testng.reporters.JUnitReportReporter -->
<testsuite hostname="Sarabdeeps-MBP" failures="0" tests="1" name="Tests.AddBestSellerBookToCart" time="15.389" errors="0" timestamp="2023-10-28T17:28:01 CEST" skipped="0">
  <testcase classname="Tests.AddBestSellerBookToCart" name="test2" time="15.389"/>
</testsuite> <!-- Tests.AddBestSellerBookToCart -->
