<?xml version="1.0" encoding="UTF-8"?>
<!-- Generated by org.testng.reporters.JUnitReportReporter -->
<testsuite hostname="Sarabdeeps-MBP" failures="0" tests="2" name="Tests.VerifyBookRank" time="11.878" errors="0" timestamp="2023-10-28T17:28:01 CEST" skipped="0">
  <testcase classname="Tests.VerifyBookRank" name="test1" time="6.729"/>
  <testcase classname="Tests.VerifyBookRank" name="test2" time="5.149"/>
</testsuite> <!-- Tests.VerifyBookRank -->
