<?xml version="1.0" encoding="UTF-8"?>
<!-- Generated by org.testng.reporters.JUnitReportReporter -->
<testsuite hostname="Sarabdeeps-MBP" failures="0" tests="2" name="Tests.VerifyBookRank" time="19.821" errors="0" timestamp="2023-10-28T19:13:36 CEST" skipped="0">
  <testcase classname="Tests.VerifyBookRank" name="test1" time="11.379"/>
  <testcase classname="Tests.VerifyBookRank" name="test2" time="8.442"/>
</testsuite> <!-- Tests.VerifyBookRank -->
